{"/home/kerojam/Projects/FullStack/Actividad-4/src/config/db.js": {"path":"/home/kerojam/Projects/FullStack/Actividad-4/src/config/db.js","statementMap":{"0":{"start":{"line":1,"column":17},"end":{"line":1,"column":36}},"1":{"start":{"line":3,"column":18},"end":{"line":11,"column":1}},"2":{"start":{"line":4,"column":2},"end":{"line":10,"column":3}},"3":{"start":{"line":5,"column":17},"end":{"line":5,"column":64}},"4":{"start":{"line":6,"column":4},"end":{"line":6,"column":62}},"5":{"start":{"line":8,"column":4},"end":{"line":8,"column":45}},"6":{"start":{"line":9,"column":4},"end":{"line":9,"column":20}},"7":{"start":{"line":13,"column":0},"end":{"line":13,"column":27}}},"fnMap":{"0":{"name":"(anonymous_0)","decl":{"start":{"line":3,"column":18},"end":{"line":3,"column":19}},"loc":{"start":{"line":3,"column":30},"end":{"line":11,"column":1}},"line":3}},"branchMap":{},"s":{"0":0,"1":0,"2":0,"3":0,"4":0,"5":0,"6":0,"7":0},"f":{"0":0},"b":{}}
,"/home/kerojam/Projects/FullStack/Actividad-4/src/controllers/authController.js": {"path":"/home/kerojam/Projects/FullStack/Actividad-4/src/controllers/authController.js","statementMap":{"0":{"start":{"line":1,"column":13},"end":{"line":1,"column":38}},"1":{"start":{"line":2,"column":26},"end":{"line":2,"column":66}},"2":{"start":{"line":4,"column":17},"end":{"line":24,"column":1}},"3":{"start":{"line":5,"column":2},"end":{"line":23,"column":3}},"4":{"start":{"line":6,"column":42},"end":{"line":6,"column":50}},"5":{"start":{"line":8,"column":23},"end":{"line":8,"column":77}},"6":{"start":{"line":9,"column":4},"end":{"line":11,"column":5}},"7":{"start":{"line":10,"column":6},"end":{"line":10,"column":80}},"8":{"start":{"line":13,"column":17},"end":{"line":13,"column":65}},"9":{"start":{"line":15,"column":4},"end":{"line":20,"column":7}},"10":{"start":{"line":22,"column":4},"end":{"line":22,"column":53}},"11":{"start":{"line":26,"column":14},"end":{"line":45,"column":1}},"12":{"start":{"line":27,"column":2},"end":{"line":44,"column":3}},"13":{"start":{"line":28,"column":32},"end":{"line":28,"column":40}},"14":{"start":{"line":30,"column":17},"end":{"line":30,"column":46}},"15":{"start":{"line":32,"column":4},"end":{"line":41,"column":5}},"16":{"start":{"line":33,"column":6},"end":{"line":38,"column":9}},"17":{"start":{"line":40,"column":6},"end":{"line":40,"column":74}},"18":{"start":{"line":43,"column":4},"end":{"line":43,"column":53}},"19":{"start":{"line":47,"column":19},"end":{"line":54,"column":1}},"20":{"start":{"line":48,"column":2},"end":{"line":53,"column":3}},"21":{"start":{"line":49,"column":17},"end":{"line":49,"column":70}},"22":{"start":{"line":50,"column":4},"end":{"line":50,"column":19}},"23":{"start":{"line":52,"column":4},"end":{"line":52,"column":53}},"24":{"start":{"line":56,"column":0},"end":{"line":56,"column":49}}},"fnMap":{"0":{"name":"(anonymous_0)","decl":{"start":{"line":4,"column":17},"end":{"line":4,"column":18}},"loc":{"start":{"line":4,"column":37},"end":{"line":24,"column":1}},"line":4},"1":{"name":"(anonymous_1)","decl":{"start":{"line":26,"column":14},"end":{"line":26,"column":15}},"loc":{"start":{"line":26,"column":34},"end":{"line":45,"column":1}},"line":26},"2":{"name":"(anonymous_2)","decl":{"start":{"line":47,"column":19},"end":{"line":47,"column":20}},"loc":{"start":{"line":47,"column":39},"end":{"line":54,"column":1}},"line":47}},"branchMap":{"0":{"loc":{"start":{"line":9,"column":4},"end":{"line":11,"column":5}},"type":"if","locations":[{"start":{"line":9,"column":4},"end":{"line":11,"column":5}},{"start":{},"end":{}}],"line":9},"1":{"loc":{"start":{"line":32,"column":4},"end":{"line":41,"column":5}},"type":"if","locations":[{"start":{"line":32,"column":4},"end":{"line":41,"column":5}},{"start":{"line":39,"column":11},"end":{"line":41,"column":5}}],"line":32},"2":{"loc":{"start":{"line":32,"column":8},"end":{"line":32,"column":52}},"type":"binary-expr","locations":[{"start":{"line":32,"column":8},"end":{"line":32,"column":12}},{"start":{"line":32,"column":17},"end":{"line":32,"column":51}}],"line":32}},"s":{"0":2,"1":2,"2":2,"3":3,"4":3,"5":3,"6":3,"7":1,"8":2,"9":2,"10":1,"11":2,"12":2,"13":2,"14":2,"15":2,"16":1,"17":1,"18":0,"19":2,"20":0,"21":0,"22":0,"23":0,"24":2},"f":{"0":3,"1":2,"2":0},"b":{"0":[1,2],"1":[1,1],"2":[2,1]},"_coverageSchema":"1a1c01bbd47fc00a2c39e90264f33305004495a9","hash":"65e9e1699fa1128be48c15d6cfb0dbeb27f732d5"}
,"/home/kerojam/Projects/FullStack/Actividad-4/src/controllers/groceryListController.js": {"path":"/home/kerojam/Projects/FullStack/Actividad-4/src/controllers/groceryListController.js","statementMap":{"0":{"start":{"line":1,"column":20},"end":{"line":1,"column":52}},"1":{"start":{"line":3,"column":17},"end":{"line":10,"column":1}},"2":{"start":{"line":4,"column":2},"end":{"line":9,"column":3}},"3":{"start":{"line":5,"column":18},"end":{"line":5,"column":63}},"4":{"start":{"line":6,"column":4},"end":{"line":6,"column":20}},"5":{"start":{"line":8,"column":4},"end":{"line":8,"column":53}},"6":{"start":{"line":12,"column":20},"end":{"line":27,"column":1}},"7":{"start":{"line":13,"column":2},"end":{"line":26,"column":3}},"8":{"start":{"line":14,"column":17},"end":{"line":17,"column":6}},"9":{"start":{"line":19,"column":4},"end":{"line":23,"column":5}},"10":{"start":{"line":20,"column":6},"end":{"line":20,"column":21}},"11":{"start":{"line":22,"column":6},"end":{"line":22,"column":63}},"12":{"start":{"line":25,"column":4},"end":{"line":25,"column":53}},"13":{"start":{"line":29,"column":19},"end":{"line":43,"column":1}},"14":{"start":{"line":30,"column":2},"end":{"line":42,"column":3}},"15":{"start":{"line":31,"column":28},"end":{"line":31,"column":36}},"16":{"start":{"line":33,"column":17},"end":{"line":37,"column":6}},"17":{"start":{"line":39,"column":4},"end":{"line":39,"column":31}},"18":{"start":{"line":41,"column":4},"end":{"line":41,"column":53}},"19":{"start":{"line":45,"column":19},"end":{"line":67,"column":1}},"20":{"start":{"line":46,"column":2},"end":{"line":66,"column":3}},"21":{"start":{"line":47,"column":17},"end":{"line":50,"column":6}},"22":{"start":{"line":52,"column":4},"end":{"line":63,"column":5}},"23":{"start":{"line":53,"column":6},"end":{"line":53,"column":45}},"24":{"start":{"line":55,"column":6},"end":{"line":57,"column":7}},"25":{"start":{"line":56,"column":8},"end":{"line":56,"column":36}},"26":{"start":{"line":59,"column":26},"end":{"line":59,"column":43}},"27":{"start":{"line":60,"column":6},"end":{"line":60,"column":28}},"28":{"start":{"line":62,"column":6},"end":{"line":62,"column":63}},"29":{"start":{"line":65,"column":4},"end":{"line":65,"column":53}},"30":{"start":{"line":69,"column":16},"end":{"line":92,"column":1}},"31":{"start":{"line":70,"column":2},"end":{"line":91,"column":3}},"32":{"start":{"line":71,"column":17},"end":{"line":74,"column":6}},"33":{"start":{"line":76,"column":4},"end":{"line":88,"column":5}},"34":{"start":{"line":77,"column":39},"end":{"line":77,"column":47}},"35":{"start":{"line":78,"column":6},"end":{"line":82,"column":9}},"36":{"start":{"line":84,"column":26},"end":{"line":84,"column":43}},"37":{"start":{"line":85,"column":6},"end":{"line":85,"column":28}},"38":{"start":{"line":87,"column":6},"end":{"line":87,"column":63}},"39":{"start":{"line":90,"column":4},"end":{"line":90,"column":53}},"40":{"start":{"line":94,"column":19},"end":{"line":117,"column":1}},"41":{"start":{"line":95,"column":2},"end":{"line":116,"column":3}},"42":{"start":{"line":96,"column":17},"end":{"line":99,"column":6}},"43":{"start":{"line":101,"column":4},"end":{"line":113,"column":5}},"44":{"start":{"line":102,"column":19},"end":{"line":102,"column":51}},"45":{"start":{"line":104,"column":6},"end":{"line":110,"column":7}},"46":{"start":{"line":105,"column":8},"end":{"line":105,"column":41}},"47":{"start":{"line":106,"column":28},"end":{"line":106,"column":45}},"48":{"start":{"line":107,"column":8},"end":{"line":107,"column":30}},"49":{"start":{"line":109,"column":8},"end":{"line":109,"column":64}},"50":{"start":{"line":112,"column":6},"end":{"line":112,"column":63}},"51":{"start":{"line":115,"column":4},"end":{"line":115,"column":53}},"52":{"start":{"line":119,"column":19},"end":{"line":136,"column":1}},"53":{"start":{"line":120,"column":2},"end":{"line":135,"column":3}},"54":{"start":{"line":121,"column":17},"end":{"line":124,"column":6}},"55":{"start":{"line":126,"column":4},"end":{"line":132,"column":5}},"56":{"start":{"line":127,"column":6},"end":{"line":127,"column":41}},"57":{"start":{"line":128,"column":26},"end":{"line":128,"column":43}},"58":{"start":{"line":129,"column":6},"end":{"line":129,"column":28}},"59":{"start":{"line":131,"column":6},"end":{"line":131,"column":63}},"60":{"start":{"line":134,"column":4},"end":{"line":134,"column":53}},"61":{"start":{"line":138,"column":19},"end":{"line":154,"column":1}},"62":{"start":{"line":139,"column":2},"end":{"line":153,"column":3}},"63":{"start":{"line":140,"column":17},"end":{"line":143,"column":6}},"64":{"start":{"line":145,"column":4},"end":{"line":150,"column":5}},"65":{"start":{"line":146,"column":6},"end":{"line":146,"column":29}},"66":{"start":{"line":147,"column":6},"end":{"line":147,"column":47}},"67":{"start":{"line":149,"column":6},"end":{"line":149,"column":63}},"68":{"start":{"line":152,"column":4},"end":{"line":152,"column":53}},"69":{"start":{"line":156,"column":0},"end":{"line":165,"column":2}}},"fnMap":{"0":{"name":"(anonymous_0)","decl":{"start":{"line":3,"column":17},"end":{"line":3,"column":18}},"loc":{"start":{"line":3,"column":37},"end":{"line":10,"column":1}},"line":3},"1":{"name":"(anonymous_1)","decl":{"start":{"line":12,"column":20},"end":{"line":12,"column":21}},"loc":{"start":{"line":12,"column":40},"end":{"line":27,"column":1}},"line":12},"2":{"name":"(anonymous_2)","decl":{"start":{"line":29,"column":19},"end":{"line":29,"column":20}},"loc":{"start":{"line":29,"column":39},"end":{"line":43,"column":1}},"line":29},"3":{"name":"(anonymous_3)","decl":{"start":{"line":45,"column":19},"end":{"line":45,"column":20}},"loc":{"start":{"line":45,"column":39},"end":{"line":67,"column":1}},"line":45},"4":{"name":"(anonymous_4)","decl":{"start":{"line":69,"column":16},"end":{"line":69,"column":17}},"loc":{"start":{"line":69,"column":36},"end":{"line":92,"column":1}},"line":69},"5":{"name":"(anonymous_5)","decl":{"start":{"line":94,"column":19},"end":{"line":94,"column":20}},"loc":{"start":{"line":94,"column":39},"end":{"line":117,"column":1}},"line":94},"6":{"name":"(anonymous_6)","decl":{"start":{"line":119,"column":19},"end":{"line":119,"column":20}},"loc":{"start":{"line":119,"column":39},"end":{"line":136,"column":1}},"line":119},"7":{"name":"(anonymous_7)","decl":{"start":{"line":138,"column":19},"end":{"line":138,"column":20}},"loc":{"start":{"line":138,"column":39},"end":{"line":154,"column":1}},"line":138}},"branchMap":{"0":{"loc":{"start":{"line":19,"column":4},"end":{"line":23,"column":5}},"type":"if","locations":[{"start":{"line":19,"column":4},"end":{"line":23,"column":5}},{"start":{"line":21,"column":11},"end":{"line":23,"column":5}}],"line":19},"1":{"loc":{"start":{"line":35,"column":12},"end":{"line":35,"column":41}},"type":"binary-expr","locations":[{"start":{"line":35,"column":12},"end":{"line":35,"column":16}},{"start":{"line":35,"column":20},"end":{"line":35,"column":41}}],"line":35},"2":{"loc":{"start":{"line":36,"column":13},"end":{"line":36,"column":24}},"type":"binary-expr","locations":[{"start":{"line":36,"column":13},"end":{"line":36,"column":18}},{"start":{"line":36,"column":22},"end":{"line":36,"column":24}}],"line":36},"3":{"loc":{"start":{"line":52,"column":4},"end":{"line":63,"column":5}},"type":"if","locations":[{"start":{"line":52,"column":4},"end":{"line":63,"column":5}},{"start":{"line":61,"column":11},"end":{"line":63,"column":5}}],"line":52},"4":{"loc":{"start":{"line":53,"column":18},"end":{"line":53,"column":44}},"type":"binary-expr","locations":[{"start":{"line":53,"column":18},"end":{"line":53,"column":31}},{"start":{"line":53,"column":35},"end":{"line":53,"column":44}}],"line":53},"5":{"loc":{"start":{"line":55,"column":6},"end":{"line":57,"column":7}},"type":"if","locations":[{"start":{"line":55,"column":6},"end":{"line":57,"column":7}},{"start":{},"end":{}}],"line":55},"6":{"loc":{"start":{"line":76,"column":4},"end":{"line":88,"column":5}},"type":"if","locations":[{"start":{"line":76,"column":4},"end":{"line":88,"column":5}},{"start":{"line":86,"column":11},"end":{"line":88,"column":5}}],"line":76},"7":{"loc":{"start":{"line":80,"column":18},"end":{"line":80,"column":31}},"type":"binary-expr","locations":[{"start":{"line":80,"column":18},"end":{"line":80,"column":26}},{"start":{"line":80,"column":30},"end":{"line":80,"column":31}}],"line":80},"8":{"loc":{"start":{"line":81,"column":14},"end":{"line":81,"column":30}},"type":"binary-expr","locations":[{"start":{"line":81,"column":14},"end":{"line":81,"column":18}},{"start":{"line":81,"column":22},"end":{"line":81,"column":30}}],"line":81},"9":{"loc":{"start":{"line":101,"column":4},"end":{"line":113,"column":5}},"type":"if","locations":[{"start":{"line":101,"column":4},"end":{"line":113,"column":5}},{"start":{"line":111,"column":11},"end":{"line":113,"column":5}}],"line":101},"10":{"loc":{"start":{"line":104,"column":6},"end":{"line":110,"column":7}},"type":"if","locations":[{"start":{"line":104,"column":6},"end":{"line":110,"column":7}},{"start":{"line":108,"column":13},"end":{"line":110,"column":7}}],"line":104},"11":{"loc":{"start":{"line":126,"column":4},"end":{"line":132,"column":5}},"type":"if","locations":[{"start":{"line":126,"column":4},"end":{"line":132,"column":5}},{"start":{"line":130,"column":11},"end":{"line":132,"column":5}}],"line":126},"12":{"loc":{"start":{"line":145,"column":4},"end":{"line":150,"column":5}},"type":"if","locations":[{"start":{"line":145,"column":4},"end":{"line":150,"column":5}},{"start":{"line":148,"column":11},"end":{"line":150,"column":5}}],"line":145}},"s":{"0":2,"1":2,"2":1,"3":1,"4":1,"5":0,"6":2,"7":0,"8":0,"9":0,"10":0,"11":0,"12":0,"13":2,"14":1,"15":1,"16":1,"17":1,"18":0,"19":2,"20":0,"21":0,"22":0,"23":0,"24":0,"25":0,"26":0,"27":0,"28":0,"29":0,"30":2,"31":0,"32":0,"33":0,"34":0,"35":0,"36":0,"37":0,"38":0,"39":0,"40":2,"41":0,"42":0,"43":0,"44":0,"45":0,"46":0,"47":0,"48":0,"49":0,"50":0,"51":0,"52":2,"53":0,"54":0,"55":0,"56":0,"57":0,"58":0,"59":0,"60":0,"61":2,"62":2,"63":2,"64":2,"65":1,"66":1,"67":1,"68":0,"69":2},"f":{"0":1,"1":0,"2":1,"3":0,"4":0,"5":0,"6":0,"7":2},"b":{"0":[0,0],"1":[1,0],"2":[1,0],"3":[0,0],"4":[0,0],"5":[0,0],"6":[0,0],"7":[0,0],"8":[0,0],"9":[0,0],"10":[0,0],"11":[0,0],"12":[1,1]},"_coverageSchema":"1a1c01bbd47fc00a2c39e90264f33305004495a9","hash":"2e96380c3e44d9fdb1566615619de98b66d6f331"}
,"/home/kerojam/Projects/FullStack/Actividad-4/src/controllers/productController.js": {"path":"/home/kerojam/Projects/FullStack/Actividad-4/src/controllers/productController.js","statementMap":{"0":{"start":{"line":1,"column":16},"end":{"line":1,"column":44}},"1":{"start":{"line":3,"column":20},"end":{"line":10,"column":1}},"2":{"start":{"line":4,"column":2},"end":{"line":9,"column":3}},"3":{"start":{"line":5,"column":21},"end":{"line":5,"column":43}},"4":{"start":{"line":6,"column":4},"end":{"line":6,"column":23}},"5":{"start":{"line":8,"column":4},"end":{"line":8,"column":53}},"6":{"start":{"line":12,"column":23},"end":{"line":23,"column":1}},"7":{"start":{"line":13,"column":2},"end":{"line":22,"column":3}},"8":{"start":{"line":14,"column":20},"end":{"line":14,"column":57}},"9":{"start":{"line":15,"column":4},"end":{"line":19,"column":5}},"10":{"start":{"line":16,"column":6},"end":{"line":16,"column":24}},"11":{"start":{"line":18,"column":6},"end":{"line":18,"column":66}},"12":{"start":{"line":21,"column":4},"end":{"line":21,"column":53}},"13":{"start":{"line":25,"column":22},"end":{"line":41,"column":1}},"14":{"start":{"line":26,"column":2},"end":{"line":40,"column":3}},"15":{"start":{"line":27,"column":58},"end":{"line":27,"column":66}},"16":{"start":{"line":29,"column":20},"end":{"line":35,"column":6}},"17":{"start":{"line":37,"column":4},"end":{"line":37,"column":34}},"18":{"start":{"line":39,"column":4},"end":{"line":39,"column":53}},"19":{"start":{"line":43,"column":22},"end":{"line":62,"column":1}},"20":{"start":{"line":44,"column":2},"end":{"line":61,"column":3}},"21":{"start":{"line":45,"column":20},"end":{"line":45,"column":57}},"22":{"start":{"line":47,"column":4},"end":{"line":58,"column":5}},"23":{"start":{"line":48,"column":6},"end":{"line":48,"column":51}},"24":{"start":{"line":49,"column":6},"end":{"line":49,"column":72}},"25":{"start":{"line":50,"column":6},"end":{"line":50,"column":54}},"26":{"start":{"line":51,"column":6},"end":{"line":51,"column":54}},"27":{"start":{"line":52,"column":6},"end":{"line":52,"column":63}},"28":{"start":{"line":54,"column":29},"end":{"line":54,"column":49}},"29":{"start":{"line":55,"column":6},"end":{"line":55,"column":31}},"30":{"start":{"line":57,"column":6},"end":{"line":57,"column":66}},"31":{"start":{"line":60,"column":4},"end":{"line":60,"column":53}},"32":{"start":{"line":64,"column":22},"end":{"line":77,"column":1}},"33":{"start":{"line":65,"column":2},"end":{"line":76,"column":3}},"34":{"start":{"line":66,"column":20},"end":{"line":66,"column":57}},"35":{"start":{"line":68,"column":4},"end":{"line":73,"column":5}},"36":{"start":{"line":69,"column":6},"end":{"line":69,"column":32}},"37":{"start":{"line":70,"column":6},"end":{"line":70,"column":50}},"38":{"start":{"line":72,"column":6},"end":{"line":72,"column":66}},"39":{"start":{"line":75,"column":4},"end":{"line":75,"column":53}},"40":{"start":{"line":79,"column":0},"end":{"line":85,"column":2}}},"fnMap":{"0":{"name":"(anonymous_0)","decl":{"start":{"line":3,"column":20},"end":{"line":3,"column":21}},"loc":{"start":{"line":3,"column":40},"end":{"line":10,"column":1}},"line":3},"1":{"name":"(anonymous_1)","decl":{"start":{"line":12,"column":23},"end":{"line":12,"column":24}},"loc":{"start":{"line":12,"column":43},"end":{"line":23,"column":1}},"line":12},"2":{"name":"(anonymous_2)","decl":{"start":{"line":25,"column":22},"end":{"line":25,"column":23}},"loc":{"start":{"line":25,"column":42},"end":{"line":41,"column":1}},"line":25},"3":{"name":"(anonymous_3)","decl":{"start":{"line":43,"column":22},"end":{"line":43,"column":23}},"loc":{"start":{"line":43,"column":42},"end":{"line":62,"column":1}},"line":43},"4":{"name":"(anonymous_4)","decl":{"start":{"line":64,"column":22},"end":{"line":64,"column":23}},"loc":{"start":{"line":64,"column":42},"end":{"line":77,"column":1}},"line":64}},"branchMap":{"0":{"loc":{"start":{"line":15,"column":4},"end":{"line":19,"column":5}},"type":"if","locations":[{"start":{"line":15,"column":4},"end":{"line":19,"column":5}},{"start":{"line":17,"column":11},"end":{"line":19,"column":5}}],"line":15},"1":{"loc":{"start":{"line":47,"column":4},"end":{"line":58,"column":5}},"type":"if","locations":[{"start":{"line":47,"column":4},"end":{"line":58,"column":5}},{"start":{"line":56,"column":11},"end":{"line":58,"column":5}}],"line":47},"2":{"loc":{"start":{"line":48,"column":21},"end":{"line":48,"column":50}},"type":"binary-expr","locations":[{"start":{"line":48,"column":21},"end":{"line":48,"column":34}},{"start":{"line":48,"column":38},"end":{"line":48,"column":50}}],"line":48},"3":{"loc":{"start":{"line":49,"column":28},"end":{"line":49,"column":71}},"type":"binary-expr","locations":[{"start":{"line":49,"column":28},"end":{"line":49,"column":48}},{"start":{"line":49,"column":52},"end":{"line":49,"column":71}}],"line":49},"4":{"loc":{"start":{"line":50,"column":22},"end":{"line":50,"column":53}},"type":"binary-expr","locations":[{"start":{"line":50,"column":22},"end":{"line":50,"column":36}},{"start":{"line":50,"column":40},"end":{"line":50,"column":53}}],"line":50},"5":{"loc":{"start":{"line":51,"column":22},"end":{"line":51,"column":53}},"type":"binary-expr","locations":[{"start":{"line":51,"column":22},"end":{"line":51,"column":36}},{"start":{"line":51,"column":40},"end":{"line":51,"column":53}}],"line":51},"6":{"loc":{"start":{"line":52,"column":25},"end":{"line":52,"column":62}},"type":"binary-expr","locations":[{"start":{"line":52,"column":25},"end":{"line":52,"column":42}},{"start":{"line":52,"column":46},"end":{"line":52,"column":62}}],"line":52},"7":{"loc":{"start":{"line":68,"column":4},"end":{"line":73,"column":5}},"type":"if","locations":[{"start":{"line":68,"column":4},"end":{"line":73,"column":5}},{"start":{"line":71,"column":11},"end":{"line":73,"column":5}}],"line":68}},"s":{"0":2,"1":2,"2":0,"3":0,"4":0,"5":0,"6":2,"7":0,"8":0,"9":0,"10":0,"11":0,"12":0,"13":2,"14":0,"15":0,"16":0,"17":0,"18":0,"19":2,"20":0,"21":0,"22":0,"23":0,"24":0,"25":0,"26":0,"27":0,"28":0,"29":0,"30":0,"31":0,"32":2,"33":0,"34":0,"35":0,"36":0,"37":0,"38":0,"39":0,"40":2},"f":{"0":0,"1":0,"2":0,"3":0,"4":0},"b":{"0":[0,0],"1":[0,0],"2":[0,0],"3":[0,0],"4":[0,0],"5":[0,0],"6":[0,0],"7":[0,0]},"_coverageSchema":"1a1c01bbd47fc00a2c39e90264f33305004495a9","hash":"e9b2212b489f46226e592366a552d1fd8424cb75"}
,"/home/kerojam/Projects/FullStack/Actividad-4/src/middlewares/authMiddleware.js": {"path":"/home/kerojam/Projects/FullStack/Actividad-4/src/middlewares/authMiddleware.js","statementMap":{"0":{"start":{"line":1,"column":12},"end":{"line":1,"column":35}},"1":{"start":{"line":2,"column":13},"end":{"line":2,"column":38}},"2":{"start":{"line":4,"column":16},"end":{"line":27,"column":1}},"3":{"start":{"line":7,"column":2},"end":{"line":22,"column":3}},"4":{"start":{"line":8,"column":4},"end":{"line":21,"column":5}},"5":{"start":{"line":9,"column":6},"end":{"line":9,"column":54}},"6":{"start":{"line":10,"column":22},"end":{"line":10,"column":63}},"7":{"start":{"line":11,"column":6},"end":{"line":11,"column":69}},"8":{"start":{"line":13,"column":6},"end":{"line":15,"column":7}},"9":{"start":{"line":14,"column":8},"end":{"line":14,"column":74}},"10":{"start":{"line":17,"column":6},"end":{"line":17,"column":13}},"11":{"start":{"line":19,"column":6},"end":{"line":19,"column":27}},"12":{"start":{"line":20,"column":6},"end":{"line":20,"column":66}},"13":{"start":{"line":24,"column":2},"end":{"line":26,"column":3}},"14":{"start":{"line":25,"column":4},"end":{"line":25,"column":84}},"15":{"start":{"line":29,"column":22},"end":{"line":33,"column":1}},"16":{"start":{"line":30,"column":2},"end":{"line":32,"column":5}},"17":{"start":{"line":35,"column":0},"end":{"line":35,"column":44}}},"fnMap":{"0":{"name":"(anonymous_0)","decl":{"start":{"line":4,"column":16},"end":{"line":4,"column":17}},"loc":{"start":{"line":4,"column":42},"end":{"line":27,"column":1}},"line":4},"1":{"name":"(anonymous_1)","decl":{"start":{"line":29,"column":22},"end":{"line":29,"column":23}},"loc":{"start":{"line":29,"column":30},"end":{"line":33,"column":1}},"line":29}},"branchMap":{"0":{"loc":{"start":{"line":7,"column":2},"end":{"line":22,"column":3}},"type":"if","locations":[{"start":{"line":7,"column":2},"end":{"line":22,"column":3}},{"start":{},"end":{}}],"line":7},"1":{"loc":{"start":{"line":7,"column":6},"end":{"line":7,"column":81}},"type":"binary-expr","locations":[{"start":{"line":7,"column":6},"end":{"line":7,"column":31}},{"start":{"line":7,"column":35},"end":{"line":7,"column":81}}],"line":7},"2":{"loc":{"start":{"line":13,"column":6},"end":{"line":15,"column":7}},"type":"if","locations":[{"start":{"line":13,"column":6},"end":{"line":15,"column":7}},{"start":{},"end":{}}],"line":13},"3":{"loc":{"start":{"line":24,"column":2},"end":{"line":26,"column":3}},"type":"if","locations":[{"start":{"line":24,"column":2},"end":{"line":26,"column":3}},{"start":{},"end":{}}],"line":24}},"s":{"0":2,"1":2,"2":2,"3":7,"4":4,"5":4,"6":4,"7":4,"8":4,"9":0,"10":4,"11":0,"12":0,"13":7,"14":3,"15":2,"16":3,"17":2},"f":{"0":7,"1":3},"b":{"0":[4,3],"1":[7,4],"2":[0,4],"3":[3,4]},"_coverageSchema":"1a1c01bbd47fc00a2c39e90264f33305004495a9","hash":"f7fe89bb6d83152d4012b31f7962eef56e590134"}
,"/home/kerojam/Projects/FullStack/Actividad-4/src/models/GroceryList.js": {"path":"/home/kerojam/Projects/FullStack/Actividad-4/src/models/GroceryList.js","statementMap":{"0":{"start":{"line":1,"column":17},"end":{"line":1,"column":36}},"1":{"start":{"line":3,"column":19},"end":{"line":22,"column":17}},"2":{"start":{"line":24,"column":26},"end":{"line":39,"column":2}},"3":{"start":{"line":41,"column":0},"end":{"line":41,"column":66}}},"fnMap":{},"branchMap":{},"s":{"0":2,"1":2,"2":2,"3":2},"f":{},"b":{},"_coverageSchema":"1a1c01bbd47fc00a2c39e90264f33305004495a9","hash":"93bf0b3513392e6725af27549a69d7411017ae65"}
,"/home/kerojam/Projects/FullStack/Actividad-4/src/models/Product.js": {"path":"/home/kerojam/Projects/FullStack/Actividad-4/src/models/Product.js","statementMap":{"0":{"start":{"line":1,"column":17},"end":{"line":1,"column":36}},"1":{"start":{"line":3,"column":22},"end":{"line":29,"column":2}},"2":{"start":{"line":31,"column":0},"end":{"line":31,"column":58}}},"fnMap":{},"branchMap":{},"s":{"0":2,"1":2,"2":2},"f":{},"b":{},"_coverageSchema":"1a1c01bbd47fc00a2c39e90264f33305004495a9","hash":"8996f2cb789ccffa7c4719154408bf0469e188e9"}
,"/home/kerojam/Projects/FullStack/Actividad-4/src/models/User.js": {"path":"/home/kerojam/Projects/FullStack/Actividad-4/src/models/User.js","statementMap":{"0":{"start":{"line":1,"column":17},"end":{"line":1,"column":36}},"1":{"start":{"line":2,"column":15},"end":{"line":2,"column":34}},"2":{"start":{"line":4,"column":19},"end":{"line":23,"column":2}},"3":{"start":{"line":25,"column":0},"end":{"line":31,"column":3}},"4":{"start":{"line":26,"column":2},"end":{"line":28,"column":3}},"5":{"start":{"line":27,"column":4},"end":{"line":27,"column":18}},"6":{"start":{"line":29,"column":15},"end":{"line":29,"column":39}},"7":{"start":{"line":30,"column":2},"end":{"line":30,"column":57}},"8":{"start":{"line":33,"column":0},"end":{"line":35,"column":2}},"9":{"start":{"line":34,"column":2},"end":{"line":34,"column":62}},"10":{"start":{"line":37,"column":0},"end":{"line":37,"column":52}}},"fnMap":{"0":{"name":"(anonymous_0)","decl":{"start":{"line":25,"column":23},"end":{"line":25,"column":24}},"loc":{"start":{"line":25,"column":44},"end":{"line":31,"column":1}},"line":25},"1":{"name":"(anonymous_1)","decl":{"start":{"line":33,"column":35},"end":{"line":33,"column":36}},"loc":{"start":{"line":33,"column":67},"end":{"line":35,"column":1}},"line":33}},"branchMap":{"0":{"loc":{"start":{"line":26,"column":2},"end":{"line":28,"column":3}},"type":"if","locations":[{"start":{"line":26,"column":2},"end":{"line":28,"column":3}},{"start":{},"end":{}}],"line":26}},"s":{"0":1,"1":1,"2":1,"3":1,"4":0,"5":0,"6":0,"7":0,"8":1,"9":0,"10":1},"f":{"0":0,"1":0},"b":{"0":[0,0]},"_coverageSchema":"1a1c01bbd47fc00a2c39e90264f33305004495a9","hash":"204f68d6c18f5d74f2639fee553cd72c053c56c6"}
,"/home/kerojam/Projects/FullStack/Actividad-4/src/routes/authRoutes.js": {"path":"/home/kerojam/Projects/FullStack/Actividad-4/src/routes/authRoutes.js","statementMap":{"0":{"start":{"line":1,"column":16},"end":{"line":1,"column":34}},"1":{"start":{"line":2,"column":15},"end":{"line":2,"column":31}},"2":{"start":{"line":3,"column":40},"end":{"line":3,"column":80}},"3":{"start":{"line":4,"column":20},"end":{"line":4,"column":60}},"4":{"start":{"line":6,"column":0},"end":{"line":6,"column":35}},"5":{"start":{"line":7,"column":0},"end":{"line":7,"column":29}},"6":{"start":{"line":8,"column":0},"end":{"line":8,"column":44}},"7":{"start":{"line":10,"column":0},"end":{"line":10,"column":24}}},"fnMap":{},"branchMap":{},"s":{"0":2,"1":2,"2":2,"3":2,"4":2,"5":2,"6":2,"7":2},"f":{},"b":{},"_coverageSchema":"1a1c01bbd47fc00a2c39e90264f33305004495a9","hash":"41df611592835810e55eeb0bc063bb4e416e4ee7"}
,"/home/kerojam/Projects/FullStack/Actividad-4/src/routes/groceryListRoutes.js": {"path":"/home/kerojam/Projects/FullStack/Actividad-4/src/routes/groceryListRoutes.js","statementMap":{"0":{"start":{"line":1,"column":16},"end":{"line":1,"column":34}},"1":{"start":{"line":2,"column":15},"end":{"line":2,"column":31}},"2":{"start":{"line":12,"column":4},"end":{"line":12,"column":51}},"3":{"start":{"line":13,"column":20},"end":{"line":13,"column":60}},"4":{"start":{"line":15,"column":0},"end":{"line":17,"column":29}},"5":{"start":{"line":19,"column":0},"end":{"line":22,"column":31}},"6":{"start":{"line":24,"column":0},"end":{"line":25,"column":26}},"7":{"start":{"line":27,"column":0},"end":{"line":29,"column":31}},"8":{"start":{"line":31,"column":0},"end":{"line":31,"column":24}}},"fnMap":{},"branchMap":{},"s":{"0":2,"1":2,"2":2,"3":2,"4":2,"5":2,"6":2,"7":2,"8":2},"f":{},"b":{},"_coverageSchema":"1a1c01bbd47fc00a2c39e90264f33305004495a9","hash":"db1ae2f505d3bb2d0e08992f6686adb24f10137f"}
,"/home/kerojam/Projects/FullStack/Actividad-4/src/routes/productRoutes.js": {"path":"/home/kerojam/Projects/FullStack/Actividad-4/src/routes/productRoutes.js","statementMap":{"0":{"start":{"line":1,"column":16},"end":{"line":1,"column":34}},"1":{"start":{"line":2,"column":15},"end":{"line":2,"column":31}},"2":{"start":{"line":9,"column":4},"end":{"line":9,"column":47}},"3":{"start":{"line":10,"column":20},"end":{"line":10,"column":60}},"4":{"start":{"line":12,"column":0},"end":{"line":14,"column":32}},"5":{"start":{"line":16,"column":0},"end":{"line":19,"column":34}},"6":{"start":{"line":21,"column":0},"end":{"line":21,"column":24}}},"fnMap":{},"branchMap":{},"s":{"0":2,"1":2,"2":2,"3":2,"4":2,"5":2,"6":2},"f":{},"b":{},"_coverageSchema":"1a1c01bbd47fc00a2c39e90264f33305004495a9","hash":"73fd79a9efafeea4a9613bbc7709b2966e7f1954"}
}
