TN:
SF:src/config/db.js
FN:3,(anonymous_0)
FNF:1
FNH:0
FNDA:0,(anonymous_0)
DA:1,0
DA:3,0
DA:4,0
DA:5,0
DA:6,0
DA:8,0
DA:9,0
DA:13,0
LF:8
LH:0
BRF:0
BRH:0
end_of_record
TN:
SF:src/controllers/authController.js
FN:4,(anonymous_0)
FN:26,(anonymous_1)
FN:47,(anonymous_2)
FNF:3
FNH:2
FNDA:3,(anonymous_0)
FNDA:2,(anonymous_1)
FNDA:0,(anonymous_2)
DA:1,2
DA:2,2
DA:4,2
DA:5,3
DA:6,3
DA:8,3
DA:9,3
DA:10,1
DA:13,2
DA:15,2
DA:22,1
DA:26,2
DA:27,2
DA:28,2
DA:30,2
DA:32,2
DA:33,1
DA:40,1
DA:43,0
DA:47,2
DA:48,0
DA:49,0
DA:50,0
DA:52,0
DA:56,2
LF:25
LH:20
BRDA:9,0,0,1
BRDA:9,0,1,2
BRDA:32,1,0,1
BRDA:32,1,1,1
BRDA:32,2,0,2
BRDA:32,2,1,1
BRF:6
BRH:6
end_of_record
TN:
SF:src/controllers/groceryListController.js
FN:3,(anonymous_0)
FN:12,(anonymous_1)
FN:29,(anonymous_2)
FN:45,(anonymous_3)
FN:69,(anonymous_4)
FN:94,(anonymous_5)
FN:119,(anonymous_6)
FN:138,(anonymous_7)
FNF:8
FNH:3
FNDA:1,(anonymous_0)
FNDA:0,(anonymous_1)
FNDA:1,(anonymous_2)
FNDA:0,(anonymous_3)
FNDA:0,(anonymous_4)
FNDA:0,(anonymous_5)
FNDA:0,(anonymous_6)
FNDA:2,(anonymous_7)
DA:1,2
DA:3,2
DA:4,1
DA:5,1
DA:6,1
DA:8,0
DA:12,2
DA:13,0
DA:14,0
DA:19,0
DA:20,0
DA:22,0
DA:25,0
DA:29,2
DA:30,1
DA:31,1
DA:33,1
DA:39,1
DA:41,0
DA:45,2
DA:46,0
DA:47,0
DA:52,0
DA:53,0
DA:55,0
DA:56,0
DA:59,0
DA:60,0
DA:62,0
DA:65,0
DA:69,2
DA:70,0
DA:71,0
DA:76,0
DA:77,0
DA:78,0
DA:84,0
DA:85,0
DA:87,0
DA:90,0
DA:94,2
DA:95,0
DA:96,0
DA:101,0
DA:102,0
DA:104,0
DA:105,0
DA:106,0
DA:107,0
DA:109,0
DA:112,0
DA:115,0
DA:119,2
DA:120,0
DA:121,0
DA:126,0
DA:127,0
DA:128,0
DA:129,0
DA:131,0
DA:134,0
DA:138,2
DA:139,2
DA:140,2
DA:145,2
DA:146,1
DA:147,1
DA:149,1
DA:152,0
DA:156,2
LF:70
LH:23
BRDA:19,0,0,0
BRDA:19,0,1,0
BRDA:35,1,0,1
BRDA:35,1,1,0
BRDA:36,2,0,1
BRDA:36,2,1,0
BRDA:52,3,0,0
BRDA:52,3,1,0
BRDA:53,4,0,0
BRDA:53,4,1,0
BRDA:55,5,0,0
BRDA:55,5,1,0
BRDA:76,6,0,0
BRDA:76,6,1,0
BRDA:80,7,0,0
BRDA:80,7,1,0
BRDA:81,8,0,0
BRDA:81,8,1,0
BRDA:101,9,0,0
BRDA:101,9,1,0
BRDA:104,10,0,0
BRDA:104,10,1,0
BRDA:126,11,0,0
BRDA:126,11,1,0
BRDA:145,12,0,1
BRDA:145,12,1,1
BRF:26
BRH:4
end_of_record
TN:
SF:src/controllers/productController.js
FN:3,(anonymous_0)
FN:12,(anonymous_1)
FN:25,(anonymous_2)
FN:43,(anonymous_3)
FN:64,(anonymous_4)
FNF:5
FNH:0
FNDA:0,(anonymous_0)
FNDA:0,(anonymous_1)
FNDA:0,(anonymous_2)
FNDA:0,(anonymous_3)
FNDA:0,(anonymous_4)
DA:1,2
DA:3,2
DA:4,0
DA:5,0
DA:6,0
DA:8,0
DA:12,2
DA:13,0
DA:14,0
DA:15,0
DA:16,0
DA:18,0
DA:21,0
DA:25,2
DA:26,0
DA:27,0
DA:29,0
DA:37,0
DA:39,0
DA:43,2
DA:44,0
DA:45,0
DA:47,0
DA:48,0
DA:49,0
DA:50,0
DA:51,0
DA:52,0
DA:54,0
DA:55,0
DA:57,0
DA:60,0
DA:64,2
DA:65,0
DA:66,0
DA:68,0
DA:69,0
DA:70,0
DA:72,0
DA:75,0
DA:79,2
LF:41
LH:7
BRDA:15,0,0,0
BRDA:15,0,1,0
BRDA:47,1,0,0
BRDA:47,1,1,0
BRDA:48,2,0,0
BRDA:48,2,1,0
BRDA:49,3,0,0
BRDA:49,3,1,0
BRDA:50,4,0,0
BRDA:50,4,1,0
BRDA:51,5,0,0
BRDA:51,5,1,0
BRDA:52,6,0,0
BRDA:52,6,1,0
BRDA:68,7,0,0
BRDA:68,7,1,0
BRF:16
BRH:0
end_of_record
TN:
SF:src/middlewares/authMiddleware.js
FN:4,(anonymous_0)
FN:29,(anonymous_1)
FNF:2
FNH:2
FNDA:7,(anonymous_0)
FNDA:3,(anonymous_1)
DA:1,2
DA:2,2
DA:4,2
DA:7,7
DA:8,4
DA:9,4
DA:10,4
DA:11,4
DA:13,4
DA:14,0
DA:17,4
DA:19,0
DA:20,0
DA:24,7
DA:25,3
DA:29,2
DA:30,3
DA:35,2
LF:18
LH:15
BRDA:7,0,0,4
BRDA:7,0,1,3
BRDA:7,1,0,7
BRDA:7,1,1,4
BRDA:13,2,0,0
BRDA:13,2,1,4
BRDA:24,3,0,3
BRDA:24,3,1,4
BRF:8
BRH:7
end_of_record
TN:
SF:src/models/GroceryList.js
FNF:0
FNH:0
DA:1,2
DA:3,2
DA:24,2
DA:41,2
LF:4
LH:4
BRF:0
BRH:0
end_of_record
TN:
SF:src/models/Product.js
FNF:0
FNH:0
DA:1,2
DA:3,2
DA:31,2
LF:3
LH:3
BRF:0
BRH:0
end_of_record
TN:
SF:src/models/User.js
FN:25,(anonymous_0)
FN:33,(anonymous_1)
FNF:2
FNH:0
FNDA:0,(anonymous_0)
FNDA:0,(anonymous_1)
DA:1,1
DA:2,1
DA:4,1
DA:25,1
DA:26,0
DA:27,0
DA:29,0
DA:30,0
DA:33,1
DA:34,0
DA:37,1
LF:11
LH:6
BRDA:26,0,0,0
BRDA:26,0,1,0
BRF:2
BRH:0
end_of_record
TN:
SF:src/routes/authRoutes.js
FNF:0
FNH:0
DA:1,2
DA:2,2
DA:3,2
DA:4,2
DA:6,2
DA:7,2
DA:8,2
DA:10,2
LF:8
LH:8
BRF:0
BRH:0
end_of_record
TN:
SF:src/routes/groceryListRoutes.js
FNF:0
FNH:0
DA:1,2
DA:2,2
DA:12,2
DA:13,2
DA:15,2
DA:19,2
DA:24,2
DA:27,2
DA:31,2
LF:9
LH:9
BRF:0
BRH:0
end_of_record
TN:
SF:src/routes/productRoutes.js
FNF:0
FNH:0
DA:1,2
DA:2,2
DA:9,2
DA:10,2
DA:12,2
DA:16,2
DA:21,2
LF:7
LH:7
BRF:0
BRH:0
end_of_record
